c:\users\janek\source\repos\tp4\tp4\x64\debug\vc143.pdb
c:\users\janek\source\repos\tp4\tp4\x64\debug\vc143.idb
c:\users\janek\source\repos\tp4\tp4\x64\debug\zbiorpieterwindy.obj
c:\users\janek\source\repos\tp4\tp4\x64\debug\szybwindy.obj
c:\users\janek\source\repos\tp4\tp4\x64\debug\pietrowinda.obj
c:\users\janek\source\repos\tp4\x64\debug\tp4.exe
c:\users\janek\source\repos\tp4\tp4\x64\debug\tp4.ilk
c:\users\janek\source\repos\tp4\x64\debug\tp4.pdb
c:\users\janek\source\repos\tp4\tp4\x64\debug\tp4.res
c:\users\janek\source\repos\tp4\tp4\x64\debug\tp4.obj
c:\users\janek\source\repos\tp4\tp4\x64\debug\tp4.tlog\cl.command.1.tlog
c:\users\janek\source\repos\tp4\tp4\x64\debug\tp4.tlog\cl.items.tlog
c:\users\janek\source\repos\tp4\tp4\x64\debug\tp4.tlog\cl.read.1.tlog
c:\users\janek\source\repos\tp4\tp4\x64\debug\tp4.tlog\cl.write.1.tlog
c:\users\janek\source\repos\tp4\tp4\x64\debug\tp4.tlog\link.command.1.tlog
c:\users\janek\source\repos\tp4\tp4\x64\debug\tp4.tlog\link.read.1.tlog
c:\users\janek\source\repos\tp4\tp4\x64\debug\tp4.tlog\link.write.1.tlog
c:\users\janek\source\repos\tp4\tp4\x64\debug\tp4.tlog\rc.command.1.tlog
c:\users\janek\source\repos\tp4\tp4\x64\debug\tp4.tlog\rc.read.1.tlog
c:\users\janek\source\repos\tp4\tp4\x64\debug\tp4.tlog\rc.write.1.tlog
